android/app/build/intermediates/manifest_merge_blame_file/debug/manifest-merger-blame-debug-report.txt
1<?xml version="1.0" encoding="utf-8"?>
2<manifest xmlns:android="http://schemas.android.com/apk/res/android"
3    package="com.xnmateo.Epicture"
4    android:versionCode="1"
5    android:versionName="1.0.0" >
6
7    <uses-sdk
8        android:minSdkVersion="21"
9        android:targetSdkVersion="30" />
10
11    <uses-permission android:name="android.permission.SYSTEM_ALERT_WINDOW" />
11-->src/main/AndroidManifest.xml:4:3-75
11-->src/main/AndroidManifest.xml:4:20-73
12    <uses-permission android:name="android.permission.INTERNET" />
12-->src/main/AndroidManifest.xml:2:3-64
12-->src/main/AndroidManifest.xml:2:20-62
13    <uses-permission android:name="android.permission.READ_EXTERNAL_STORAGE" />
13-->src/main/AndroidManifest.xml:3:3-77
13-->src/main/AndroidManifest.xml:3:20-75
14    <uses-permission android:name="android.permission.VIBRATE" />
14-->src/main/AndroidManifest.xml:5:3-63
14-->src/main/AndroidManifest.xml:5:20-61
15    <uses-permission android:name="android.permission.WRITE_EXTERNAL_STORAGE" />
15-->src/main/AndroidManifest.xml:6:3-78
15-->src/main/AndroidManifest.xml:6:20-76
16
17    <queries>
17-->src/main/AndroidManifest.xml:7:3-13:13
18        <intent>
18-->src/main/AndroidManifest.xml:8:5-12:14
19            <action android:name="android.intent.action.VIEW" />
19-->src/main/AndroidManifest.xml:9:7-58
19-->src/main/AndroidManifest.xml:9:15-56
20
21            <category android:name="android.intent.category.BROWSABLE" />
21-->src/main/AndroidManifest.xml:10:7-67
21-->src/main/AndroidManifest.xml:10:17-65
22
23            <data android:scheme="https" />
23-->src/main/AndroidManifest.xml:11:7-37
23-->src/main/AndroidManifest.xml:11:13-35
24        </intent>
25        <!-- Query open documents -->
26        <intent>
26-->[:expo-file-system] AndroidManifest.xml:19:9-21:18
27            <action android:name="android.intent.action.OPEN_DOCUMENT_TREE" />
27-->[:expo-file-system] AndroidManifest.xml:20:13-79
27-->[:expo-file-system] AndroidManifest.xml:20:21-76
28        </intent>
29    </queries>
30
31    <uses-permission android:name="android.permission.ACCESS_WIFI_STATE" />
31-->[com.facebook.flipper:flipper:0.54.0] AndroidManifest.xml:16:5-76
31-->[com.facebook.flipper:flipper:0.54.0] AndroidManifest.xml:16:22-73
32    <uses-permission android:name="android.permission.READ_PHONE_STATE" />
33    <uses-permission android:name="android.permission.ACCESS_NETWORK_STATE" />
33-->[:expo-updates] AndroidManifest.xml:11:5-79
33-->[:expo-updates] AndroidManifest.xml:11:22-76
34    <uses-permission android:name="android.permission.USE_BIOMETRIC" /> <!-- suppress DeprecatedClassUsageInspection -->
34-->[androidx.biometric:biometric:1.1.0] AndroidManifest.xml:24:5-72
34-->[androidx.biometric:biometric:1.1.0] AndroidManifest.xml:24:22-69
35    <uses-permission android:name="android.permission.USE_FINGERPRINT" />
35-->[androidx.biometric:biometric:1.1.0] AndroidManifest.xml:27:5-74
35-->[androidx.biometric:biometric:1.1.0] AndroidManifest.xml:27:22-71
36    <uses-permission android:name="com.google.android.finsky.permission.BIND_GET_INSTALL_REFERRER_SERVICE" />
36-->[com.android.installreferrer:installreferrer:1.0] AndroidManifest.xml:9:5-110
36-->[com.android.installreferrer:installreferrer:1.0] AndroidManifest.xml:9:22-107
37
38    <application
38-->src/main/AndroidManifest.xml:14:3-33:17
39        android:name="com.xnmateo.Epicture.MainApplication"
39-->src/main/AndroidManifest.xml:14:16-47
40        android:allowBackup="true"
40-->src/main/AndroidManifest.xml:14:162-188
41        android:appComponentFactory="androidx.core.app.CoreComponentFactory"
41-->[androidx.core:core:1.6.0] AndroidManifest.xml:24:18-86
42        android:debuggable="true"
43        android:icon="@mipmap/ic_launcher"
43-->src/main/AndroidManifest.xml:14:81-115
44        android:label="@string/app_name"
44-->src/main/AndroidManifest.xml:14:48-80
45        android:roundIcon="@mipmap/ic_launcher_round"
45-->src/main/AndroidManifest.xml:14:116-161
46        android:theme="@style/AppTheme"
46-->src/main/AndroidManifest.xml:14:189-220
47        android:usesCleartextTraffic="true" >
47-->src/main/AndroidManifest.xml:14:221-256
48        <meta-data
48-->src/main/AndroidManifest.xml:15:5-82
49            android:name="expo.modules.updates.ENABLED"
49-->src/main/AndroidManifest.xml:15:16-59
50            android:value="true" />
50-->src/main/AndroidManifest.xml:15:60-80
51        <meta-data
51-->src/main/AndroidManifest.xml:16:5-93
52            android:name="expo.modules.updates.EXPO_SDK_VERSION"
52-->src/main/AndroidManifest.xml:16:16-68
53            android:value="44.0.0" />
53-->src/main/AndroidManifest.xml:16:69-91
54        <meta-data
54-->src/main/AndroidManifest.xml:17:5-105
55            android:name="expo.modules.updates.EXPO_UPDATES_CHECK_ON_LAUNCH"
55-->src/main/AndroidManifest.xml:17:16-80
56            android:value="ALWAYS" />
56-->src/main/AndroidManifest.xml:17:81-103
57        <meta-data
57-->src/main/AndroidManifest.xml:18:5-99
58            android:name="expo.modules.updates.EXPO_UPDATES_LAUNCH_WAIT_MS"
58-->src/main/AndroidManifest.xml:18:16-79
59            android:value="0" />
59-->src/main/AndroidManifest.xml:18:80-97
60        <meta-data
60-->src/main/AndroidManifest.xml:19:5-120
61            android:name="expo.modules.updates.EXPO_UPDATE_URL"
61-->src/main/AndroidManifest.xml:19:16-67
62            android:value="https://exp.host/@xnmateo/Epicture" />
62-->src/main/AndroidManifest.xml:19:68-118
63
64        <activity
64-->src/main/AndroidManifest.xml:20:5-31:16
65            android:name="com.xnmateo.Epicture.MainActivity"
65-->src/main/AndroidManifest.xml:20:15-43
66            android:configChanges="keyboard|keyboardHidden|orientation|screenSize|uiMode"
66-->src/main/AndroidManifest.xml:20:77-154
67            android:label="@string/app_name"
67-->src/main/AndroidManifest.xml:20:44-76
68            android:launchMode="singleTask"
68-->src/main/AndroidManifest.xml:20:155-186
69            android:theme="@style/Theme.App.SplashScreen"
69-->src/main/AndroidManifest.xml:20:230-275
70            android:windowSoftInputMode="adjustResize" >
70-->src/main/AndroidManifest.xml:20:187-229
71            <intent-filter>
71-->src/main/AndroidManifest.xml:21:7-24:23
72                <action android:name="android.intent.action.MAIN" />
72-->src/main/AndroidManifest.xml:22:9-60
72-->src/main/AndroidManifest.xml:22:17-58
73
74                <category android:name="android.intent.category.LAUNCHER" />
74-->src/main/AndroidManifest.xml:23:9-68
74-->src/main/AndroidManifest.xml:23:19-66
75            </intent-filter>
76            <intent-filter>
76-->src/main/AndroidManifest.xml:25:7-30:23
77                <action android:name="android.intent.action.VIEW" />
77-->src/main/AndroidManifest.xml:9:7-58
77-->src/main/AndroidManifest.xml:9:15-56
78
79                <category android:name="android.intent.category.DEFAULT" />
79-->src/main/AndroidManifest.xml:27:9-67
79-->src/main/AndroidManifest.xml:27:19-65
80                <category android:name="android.intent.category.BROWSABLE" />
80-->src/main/AndroidManifest.xml:10:7-67
80-->src/main/AndroidManifest.xml:10:17-65
81
82                <data android:scheme="com.xnmateo.Epicture" />
82-->src/main/AndroidManifest.xml:11:7-37
82-->src/main/AndroidManifest.xml:11:13-35
83            </intent-filter>
84        </activity>
85        <activity android:name="com.facebook.react.devsupport.DevSettingsActivity" />
85-->src/main/AndroidManifest.xml:32:5-81
85-->src/main/AndroidManifest.xml:32:15-79
86
87        <provider
87-->[:react-native-webview] AndroidManifest.xml:12:9-20:20
88            android:name="com.reactnativecommunity.webview.RNCWebViewFileProvider"
88-->[:react-native-webview] AndroidManifest.xml:13:13-83
89            android:authorities="com.xnmateo.Epicture.fileprovider"
89-->[:react-native-webview] AndroidManifest.xml:14:13-64
90            android:exported="false"
90-->[:react-native-webview] AndroidManifest.xml:15:13-37
91            android:grantUriPermissions="true" >
91-->[:react-native-webview] AndroidManifest.xml:16:13-47
92            <meta-data
92-->[:react-native-webview] AndroidManifest.xml:17:13-19:63
93                android:name="android.support.FILE_PROVIDER_PATHS"
93-->[:react-native-webview] AndroidManifest.xml:18:17-67
94                android:resource="@xml/file_provider_paths" />
94-->[:react-native-webview] AndroidManifest.xml:19:17-60
95        </provider>
96        <provider
96-->[:expo-file-system] AndroidManifest.xml:25:9-34:20
97            android:name="expo.modules.filesystem.FileSystemFileProvider"
97-->[:expo-file-system] AndroidManifest.xml:26:13-74
98            android:authorities="com.xnmateo.Epicture.FileSystemFileProvider"
98-->[:expo-file-system] AndroidManifest.xml:27:13-74
99            android:exported="false"
99-->[:expo-file-system] AndroidManifest.xml:28:13-37
100            android:grantUriPermissions="true" >
100-->[:expo-file-system] AndroidManifest.xml:29:13-47
101            <meta-data
101-->[:react-native-webview] AndroidManifest.xml:17:13-19:63
102                android:name="android.support.FILE_PROVIDER_PATHS"
102-->[:react-native-webview] AndroidManifest.xml:18:17-67
103                android:resource="@xml/file_system_provider_paths" />
103-->[:react-native-webview] AndroidManifest.xml:19:17-60
104        </provider>
105
106        <meta-data
106-->[:expo-modules-core] AndroidManifest.xml:12:9-14:89
107            android:name="org.unimodules.core.AppLoader#react-native-headless"
107-->[:expo-modules-core] AndroidManifest.xml:13:13-79
108            android:value="expo.modules.adapters.react.apploader.RNHeadlessAppLoader" />
108-->[:expo-modules-core] AndroidManifest.xml:14:13-86
109
110        <service
110-->[androidx.room:room-runtime:2.3.0] AndroidManifest.xml:25:9-28:40
111            android:name="androidx.room.MultiInstanceInvalidationService"
111-->[androidx.room:room-runtime:2.3.0] AndroidManifest.xml:26:13-74
112            android:directBootAware="true"
112-->[androidx.room:room-runtime:2.3.0] AndroidManifest.xml:27:13-43
113            android:exported="false" />
113-->[androidx.room:room-runtime:2.3.0] AndroidManifest.xml:28:13-37
114    </application>
115
116</manifest>